<?xml version="1.0" encoding="UTF-8"?>
<!-- Generated by org.testng.reporters.JUnitReportReporter -->
<testsuite hostname="DESKTOP-L9VVM4M" failures="0" tests="1" name="SumValidations" time="3.410" errors="0" timestamp="2023-01-28T14:07:38 IST" skipped="0">
  <testcase classname="SumValidations" name="sumAllCourses" time="3.410"/>
  <system-out/>
</testsuite> <!-- SumValidations -->
