<?xml version="1.0" encoding="UTF-8"?>
<!-- Generated by org.testng.reporters.JUnitReportReporter -->
<testsuite hostname="DESKTOP-L9VVM4M" failures="0" tests="1" name="DynamicJson" time="4.819" errors="0" timestamp="2023-01-28T15:08:59 IST" skipped="0">
  <testcase classname="DynamicJson" name="addBook" time="4.819"/>
  <system-out/>
</testsuite> <!-- DynamicJson -->
